<?xml version="1.0" encoding="UTF-8"?>
<testsuite name="Scenario: Invalid ship placement" tests="4" skipped="0" failures="0" errors="0" timestamp="2019-01-31T07:23:50" hostname="Lorenzs-iMac.local" time="0.003">
  <properties/>
  <testcase name="Given I have a 5 ship with 4 positions" classname="Scenario: Invalid ship placement" time="0.0"/>
  <testcase name="When I check if the ship is valid" classname="Scenario: Invalid ship placement" time="0.0"/>
  <testcase name="Then the result should be false" classname="Scenario: Invalid ship placement" time="0.0"/>
  <testcase name="classMethod" classname="Scenario: Invalid ship placement" time="0.006"/>
  <system-out><![CDATA[
  @Runme
  Scenario: Valid ship placement           ?[90m# features/steps/ShipValidation.feature:7?[0m
    ?[32mGiven ?[0m?[32mI have a ?[0m?[32m?[1m5?[0m?[32m ship with ?[0m?[32m?[1m5?[0m?[32m positions?[0m ?[90m# ShipValidationSteps.i_have_a_size_ship_with_positions(int,int)?[0m
    ?[32mWhen ?[0m?[32mI check if the ship is valid?[0m      ?[90m# ShipValidationSteps.i_check_if_the_ship_is_valid()?[0m
    ?[32mThen ?[0m?[32mthe result should be ?[0m?[32m?[1mtrue?[0m         ?[90m# ShipValidationSteps.the_result_should_be(boolean)?[0m
]]></system-out>
  <system-err><![CDATA[]]></system-err>
</testsuite>
