<?xml version="1.0" encoding="UTF-8"?>
<testsuite name="Scenario: Valid ship placement" tests="4" skipped="0" failures="0" errors="0" timestamp="2019-01-31T07:23:50" hostname="Lorenzs-iMac.local" time="0.007">
  <properties/>
  <testcase name="Given I have a 5 ship with 5 positions" classname="Scenario: Valid ship placement" time="0.0"/>
  <testcase name="When I check if the ship is valid" classname="Scenario: Valid ship placement" time="0.0"/>
  <testcase name="Then the result should be true" classname="Scenario: Valid ship placement" time="0.0"/>
  <testcase name="classMethod" classname="Scenario: Valid ship placement" time="0.121"/>
  <system-out><![CDATA[]]></system-out>
  <system-err><![CDATA[]]></system-err>
</testsuite>
