<?xml version="1.0" encoding="UTF-8"?>
<testsuite name="org.scrum.psd.battleship.ascii.MainTest" tests="1" skipped="0" failures="0" errors="0" timestamp="2019-01-31T07:23:49" hostname="Lorenzs-iMac.local" time="0.001">
  <properties/>
  <testcase name="testParsePosition" classname="org.scrum.psd.battleship.ascii.MainTest" time="0.001"/>
  <system-out><![CDATA[]]></system-out>
  <system-err><![CDATA[]]></system-err>
</testsuite>
