<?xml version="1.0" encoding="UTF-8"?>
<testsuite name="org.scrum.psd.battleship.ascii.MainEndToEndTest" tests="2" skipped="0" failures="0" errors="0" timestamp="2019-01-31T07:23:49" hostname="Lorenzs-iMac.local" time="0.058">
  <properties/>
  <testcase name="testPlayGameShotMisses" classname="org.scrum.psd.battleship.ascii.MainEndToEndTest" time="0.047"/>
  <testcase name="testPlayGameShotHits" classname="org.scrum.psd.battleship.ascii.MainEndToEndTest" time="0.011"/>
  <system-out><![CDATA[?[;35;m                                     |__
?[;35;m                                     |\/
?[;35;m                                     ---
?[;35;m                                     / | [
?[;35;m                              !      | |||
?[;35;m                            _/|     _/|-++'
?[;35;m                        +  +--|    |--|--|_ |-
?[;35;m                     { /|__|  |/\__|  |--- |||__/
?[;35;m                    +---------------___[}-_===_.'____                 /\
?[;35;m                ____`-' ||___-{]_| _[}-  |     |_[___\==--            \/   _
?[;35;m __..._____--==/___]_|__|_____________________________[___\==--____,------' .7
?[;35;m|                        Welcome to Battleship                         BB-61/
?[;35;m \_________________________________________________________________________|
?[;35;m
?[0;;m?[0;;mPlease position your fleet (Game board has size from A to H and 1 to 8) :
?[0;;m
?[0;;mPlease enter the positions for the Aircraft Carrier (size: 5)
?[0;;mEnter position 1 of 5 (i.e A3):
?[0;;mEnter position 2 of 5 (i.e A3):
?[0;;mEnter position 3 of 5 (i.e A3):
?[0;;mEnter position 4 of 5 (i.e A3):
?[0;;mEnter position 5 of 5 (i.e A3):
?[0;;m
?[0;;mPlease enter the positions for the Battleship (size: 4)
?[0;;mEnter position 1 of 4 (i.e A3):
?[0;;mEnter position 2 of 4 (i.e A3):
?[0;;mEnter position 3 of 4 (i.e A3):
?[0;;mEnter position 4 of 4 (i.e A3):
?[0;;m
?[0;;mPlease enter the positions for the Submarine (size: 3)
?[0;;mEnter position 1 of 3 (i.e A3):
?[0;;mEnter position 2 of 3 (i.e A3):
?[0;;mEnter position 3 of 3 (i.e A3):
?[0;;m
?[0;;mPlease enter the positions for the Destroyer (size: 3)
?[0;;mEnter position 1 of 3 (i.e A3):
?[0;;mEnter position 2 of 3 (i.e A3):
?[0;;mEnter position 3 of 3 (i.e A3):
?[0;;m
?[0;;mPlease enter the positions for the Patrol Boat (size: 2)
?[0;;mEnter position 1 of 2 (i.e A3):
?[0;;mEnter position 2 of 2 (i.e A3):
?[0;;m?[2J?[;H?[0;;m                  __
?[0;;m                 /  \
?[0;;m           .-.  |    |
?[0;;m   *    _.-'  \  \__/
?[0;;m    \.-'       \
?[0;;m   /          _/
?[0;;m  |      _  /" "
?[0;;m  |     /_'
?[0;;m   \    \_/
?[0;;m    " "" "" "" "
?[0;;m
?[0;;mPlayer, it's your turn
?[0;;mEnter coordinates for your shot :
?[0;;mMiss
?[0;;m
?[0;;mComputer shoot in B6 and miss
?[0;;m
?[0;;mPlayer, it's your turn
?[0;;mEnter coordinates for your shot :
?[;35;m                                     |__
?[;35;m                                     |\/
?[;35;m                                     ---
?[;35;m                                     / | [
?[;35;m                              !      | |||
?[;35;m                            _/|     _/|-++'
?[;35;m                        +  +--|    |--|--|_ |-
?[;35;m                     { /|__|  |/\__|  |--- |||__/
?[;35;m                    +---------------___[}-_===_.'____                 /\
?[;35;m                ____`-' ||___-{]_| _[}-  |     |_[___\==--            \/   _
?[;35;m __..._____--==/___]_|__|_____________________________[___\==--____,------' .7
?[;35;m|                        Welcome to Battleship                         BB-61/
?[;35;m \_________________________________________________________________________|
?[;35;m
?[0;;m?[0;;mPlease position your fleet (Game board has size from A to H and 1 to 8) :
?[0;;m
?[0;;mPlease enter the positions for the Aircraft Carrier (size: 5)
?[0;;mEnter position 1 of 5 (i.e A3):
?[0;;mEnter position 2 of 5 (i.e A3):
?[0;;mEnter position 3 of 5 (i.e A3):
?[0;;mEnter position 4 of 5 (i.e A3):
?[0;;mEnter position 5 of 5 (i.e A3):
?[0;;m
?[0;;mPlease enter the positions for the Battleship (size: 4)
?[0;;mEnter position 1 of 4 (i.e A3):
?[0;;mEnter position 2 of 4 (i.e A3):
?[0;;mEnter position 3 of 4 (i.e A3):
?[0;;mEnter position 4 of 4 (i.e A3):
?[0;;m
?[0;;mPlease enter the positions for the Submarine (size: 3)
?[0;;mEnter position 1 of 3 (i.e A3):
?[0;;mEnter position 2 of 3 (i.e A3):
?[0;;mEnter position 3 of 3 (i.e A3):
?[0;;m
?[0;;mPlease enter the positions for the Destroyer (size: 3)
?[0;;mEnter position 1 of 3 (i.e A3):
?[0;;mEnter position 2 of 3 (i.e A3):
?[0;;mEnter position 3 of 3 (i.e A3):
?[0;;m
?[0;;mPlease enter the positions for the Patrol Boat (size: 2)
?[0;;mEnter position 1 of 2 (i.e A3):
?[0;;mEnter position 2 of 2 (i.e A3):
?[0;;m?[2J?[;H?[0;;m                  __
?[0;;m                 /  \
?[0;;m           .-.  |    |
?[0;;m   *    _.-'  \  \__/
?[0;;m    \.-'       \
?[0;;m   /          _/
?[0;;m  |      _  /" "
?[0;;m  |     /_'
?[0;;m   \    \_/
?[0;;m    " "" "" "" "
?[0;;m
?[0;;mPlayer, it's your turn
?[0;;mEnter coordinates for your shot :
?[0;;m??[0;;m                \         .  ./
?[0;;m              \      .:" ";'.:.." "   /
?[0;;m                  (M^^.^~~:.'" ").
?[0;;m            -   (/  .    . . \ \)  -
?[0;;m               ((| :. ~ ^  :. .|))
?[0;;m            -   (\- |  \ /  |  /)  -
?[0;;m                 -\  \     /  /-
?[0;;m                   \  \   /  /
?[0;;mYeah ! Nice hit !
?[0;;m
?[0;;mComputer shoot in B6 and miss
?[0;;m
?[0;;mPlayer, it's your turn
?[0;;mEnter coordinates for your shot :
]]></system-out>
  <system-err><![CDATA[]]></system-err>
</testsuite>
